TN:
SF:src/server.js
FN:36,(anonymous_0)
FN:41,(anonymous_1)
FN:43,(anonymous_2)
FNF:3
FNH:0
FNDA:0,(anonymous_0)
FNDA:0,(anonymous_1)
FNDA:0,(anonymous_2)
DA:13,0
DA:14,0
DA:16,0
DA:19,0
DA:20,0
DA:25,0
DA:31,0
DA:32,0
DA:33,0
DA:36,0
DA:37,0
DA:41,0
DA:42,0
DA:43,0
LF:14
LH:0
BRDA:14,0,0,0
BRDA:14,0,1,0
BRF:2
BRH:0
end_of_record
TN:
SF:src/syslog.js
FN:69,fallbackWriteLogFile
FN:78,handleSyslogMessage
FN:133,(anonymous_2)
FN:137,(anonymous_3)
FN:138,(anonymous_4)
FN:159,(anonymous_5)
FN:165,(anonymous_6)
FN:170,(anonymous_7)
FN:178,shutdown
FN:180,(anonymous_9)
FN:183,(anonymous_10)
FNF:11
FNH:0
FNDA:0,fallbackWriteLogFile
FNDA:0,handleSyslogMessage
FNDA:0,(anonymous_2)
FNDA:0,(anonymous_3)
FNDA:0,(anonymous_4)
FNDA:0,(anonymous_5)
FNDA:0,(anonymous_6)
FNDA:0,(anonymous_7)
FNDA:0,shutdown
FNDA:0,(anonymous_9)
FNDA:0,(anonymous_10)
DA:60,0
DA:61,0
DA:62,0
DA:64,0
DA:65,0
DA:66,0
DA:70,0
DA:71,0
DA:73,0
DA:79,0
DA:80,0
DA:82,0
DA:83,0
DA:84,0
DA:87,0
DA:90,0
DA:91,0
DA:94,0
DA:102,0
DA:103,0
DA:105,0
DA:106,0
DA:108,0
DA:110,0
DA:114,0
DA:115,0
DA:116,0
DA:118,0
DA:122,0
DA:123,0
DA:124,0
DA:133,0
DA:134,0
DA:136,0
DA:138,0
DA:139,0
DA:144,0
DA:147,0
DA:152,0
DA:153,0
DA:154,0
DA:159,0
DA:162,0
DA:165,0
DA:166,0
DA:167,0
DA:170,0
DA:171,0
DA:172,0
DA:175,0
DA:179,0
DA:180,0
DA:182,0
DA:183,0
DA:185,0
DA:189,0
DA:190,0
LF:57
LH:0
BRDA:61,0,0,0
BRDA:61,0,1,0
BRDA:66,1,0,0
BRDA:66,1,1,0
BRDA:83,2,0,0
BRDA:83,2,1,0
BRDA:122,3,0,0
BRDA:122,3,1,0
BRDA:122,4,0,0
BRDA:122,4,1,0
BRDA:134,5,0,0
BRDA:134,5,1,0
BRDA:182,6,0,0
BRDA:182,6,1,0
BRDA:182,7,0,0
BRDA:182,7,1,0
BRF:16
BRH:0
end_of_record
TN:
SF:src/config/redis-client.js
FN:35,(anonymous_0)
FN:39,(anonymous_1)
FN:43,(anonymous_2)
FNF:3
FNH:0
FNDA:0,(anonymous_0)
FNDA:0,(anonymous_1)
FNDA:0,(anonymous_2)
DA:3,0
DA:5,0
DA:6,0
DA:10,0
DA:11,0
DA:12,0
DA:21,0
DA:22,0
DA:35,0
DA:36,0
DA:39,0
DA:40,0
DA:43,0
DA:44,0
LF:14
LH:0
BRDA:6,0,0,0
BRDA:6,0,1,0
BRDA:10,1,0,0
BRDA:10,1,1,0
BRDA:25,2,0,0
BRDA:25,2,1,0
BRF:6
BRH:0
end_of_record
TN:
SF:src/controllers/admin.controller.js
FN:11,(anonymous_0)
FN:52,(anonymous_1)
FN:55,(anonymous_2)
FN:56,(anonymous_3)
FN:77,(anonymous_4)
FN:103,(anonymous_5)
FN:144,(anonymous_6)
FN:164,(anonymous_7)
FN:191,(anonymous_8)
FN:218,(anonymous_9)
FN:226,(anonymous_10)
FN:251,(anonymous_11)
FN:259,(anonymous_12)
FN:284,(anonymous_13)
FN:310,(anonymous_14)
FN:336,(anonymous_15)
FN:381,(anonymous_16)
FN:457,(anonymous_17)
FN:498,(anonymous_18)
FN:533,(anonymous_19)
FN:541,(anonymous_20)
FNF:21
FNH:2
FNDA:0,(anonymous_0)
FNDA:0,(anonymous_1)
FNDA:0,(anonymous_2)
FNDA:0,(anonymous_3)
FNDA:0,(anonymous_4)
FNDA:0,(anonymous_5)
FNDA:0,(anonymous_6)
FNDA:0,(anonymous_7)
FNDA:0,(anonymous_8)
FNDA:3,(anonymous_9)
FNDA:3,(anonymous_10)
FNDA:0,(anonymous_11)
FNDA:0,(anonymous_12)
FNDA:0,(anonymous_13)
FNDA:0,(anonymous_14)
FNDA:0,(anonymous_15)
FNDA:0,(anonymous_16)
FNDA:0,(anonymous_17)
FNDA:0,(anonymous_18)
FNDA:0,(anonymous_19)
FNDA:0,(anonymous_20)
DA:11,2
DA:12,0
DA:13,0
DA:14,0
DA:17,0
DA:18,0
DA:25,0
DA:26,0
DA:33,0
DA:36,0
DA:39,0
DA:42,0
DA:43,0
DA:52,0
DA:55,0
DA:56,0
DA:57,0
DA:62,0
DA:69,0
DA:70,0
DA:77,2
DA:78,0
DA:79,0
DA:81,0
DA:83,0
DA:84,0
DA:90,0
DA:95,0
DA:96,0
DA:103,2
DA:104,0
DA:106,0
DA:108,0
DA:109,0
DA:115,0
DA:116,0
DA:122,0
DA:130,0
DA:136,0
DA:137,0
DA:144,2
DA:145,0
DA:146,0
DA:147,0
DA:149,0
DA:151,0
DA:156,0
DA:157,0
DA:164,2
DA:165,0
DA:166,0
DA:167,0
DA:169,0
DA:171,0
DA:172,0
DA:178,0
DA:183,0
DA:184,0
DA:191,2
DA:192,0
DA:193,0
DA:195,0
DA:197,0
DA:198,0
DA:204,0
DA:209,0
DA:210,0
DA:218,2
DA:219,3
DA:220,3
DA:221,3
DA:226,3
DA:227,3
DA:232,2
DA:235,3
DA:237,2
DA:243,1
DA:244,1
DA:251,2
DA:252,0
DA:253,0
DA:254,0
DA:259,0
DA:260,0
DA:265,0
DA:268,0
DA:270,0
DA:276,0
DA:277,0
DA:284,2
DA:285,0
DA:286,0
DA:288,0
DA:290,0
DA:291,0
DA:297,0
DA:302,0
DA:303,0
DA:310,2
DA:311,0
DA:312,0
DA:314,0
DA:316,0
DA:317,0
DA:323,0
DA:328,0
DA:329,0
DA:336,2
DA:337,0
DA:338,0
DA:341,0
DA:342,0
DA:349,0
DA:351,0
DA:352,0
DA:358,0
DA:367,0
DA:373,0
DA:374,0
DA:381,2
DA:382,0
DA:383,0
DA:393,0
DA:395,0
DA:396,0
DA:402,0
DA:404,0
DA:405,0
DA:411,0
DA:412,0
DA:414,0
DA:415,0
DA:422,0
DA:424,0
DA:425,0
DA:426,0
DA:427,0
DA:428,0
DA:429,0
DA:430,0
DA:431,0
DA:434,0
DA:436,0
DA:442,0
DA:444,0
DA:445,0
DA:450,0
DA:457,2
DA:458,0
DA:459,0
DA:461,0
DA:462,0
DA:468,0
DA:470,0
DA:471,0
DA:477,0
DA:479,0
DA:483,0
DA:485,0
DA:486,0
DA:491,0
DA:498,2
DA:499,0
DA:500,0
DA:502,0
DA:503,0
DA:508,0
DA:511,0
DA:513,0
DA:518,0
DA:520,0
DA:521,0
DA:526,0
DA:533,2
DA:534,0
DA:535,0
DA:536,0
DA:541,0
DA:542,0
DA:547,0
DA:551,0
DA:553,0
DA:559,0
DA:560,0
LF:184
LH:25
BRDA:17,0,0,0
BRDA:17,0,1,0
BRDA:17,1,0,0
BRDA:17,1,1,0
BRDA:17,1,2,0
BRDA:25,2,0,0
BRDA:25,2,1,0
BRDA:42,3,0,0
BRDA:42,3,1,0
BRDA:83,4,0,0
BRDA:83,4,1,0
BRDA:108,5,0,0
BRDA:108,5,1,0
BRDA:108,6,0,0
BRDA:108,6,1,0
BRDA:108,6,2,0
BRDA:115,7,0,0
BRDA:115,7,1,0
BRDA:115,8,0,0
BRDA:115,8,1,0
BRDA:171,9,0,0
BRDA:171,9,1,0
BRDA:197,10,0,0
BRDA:197,10,1,0
BRDA:227,11,0,2
BRDA:227,11,1,1
BRDA:228,12,0,3
BRDA:228,12,1,1
BRDA:228,12,2,1
BRDA:260,13,0,0
BRDA:260,13,1,0
BRDA:261,14,0,0
BRDA:261,14,1,0
BRDA:261,14,2,0
BRDA:290,15,0,0
BRDA:290,15,1,0
BRDA:316,16,0,0
BRDA:316,16,1,0
BRDA:341,17,0,0
BRDA:341,17,1,0
BRDA:341,18,0,0
BRDA:341,18,1,0
BRDA:341,18,2,0
BRDA:341,18,3,0
BRDA:351,19,0,0
BRDA:351,19,1,0
BRDA:395,20,0,0
BRDA:395,20,1,0
BRDA:404,21,0,0
BRDA:404,21,1,0
BRDA:411,22,0,0
BRDA:411,22,1,0
BRDA:411,23,0,0
BRDA:411,23,1,0
BRDA:414,24,0,0
BRDA:414,24,1,0
BRDA:424,25,0,0
BRDA:424,25,1,0
BRDA:425,26,0,0
BRDA:425,26,1,0
BRDA:426,27,0,0
BRDA:426,27,1,0
BRDA:427,28,0,0
BRDA:427,28,1,0
BRDA:428,29,0,0
BRDA:428,29,1,0
BRDA:429,30,0,0
BRDA:429,30,1,0
BRDA:430,31,0,0
BRDA:430,31,1,0
BRDA:431,32,0,0
BRDA:431,32,1,0
BRDA:444,33,0,0
BRDA:444,33,1,0
BRDA:461,34,0,0
BRDA:461,34,1,0
BRDA:470,35,0,0
BRDA:470,35,1,0
BRDA:485,36,0,0
BRDA:485,36,1,0
BRDA:502,37,0,0
BRDA:502,37,1,0
BRDA:511,38,0,0
BRDA:511,38,1,0
BRDA:520,39,0,0
BRDA:520,39,1,0
BRDA:542,40,0,0
BRDA:542,40,1,0
BRDA:543,41,0,0
BRDA:543,41,1,0
BRDA:543,41,2,0
BRF:91
BRH:5
end_of_record
TN:
SF:src/controllers/auth.controller.js
FN:8,(anonymous_0)
FN:68,(anonymous_1)
FN:118,(anonymous_2)
FN:184,(anonymous_3)
FN:219,(anonymous_4)
FN:260,(anonymous_5)
FN:276,(anonymous_6)
FN:301,(anonymous_7)
FN:318,(anonymous_8)
FN:369,(anonymous_9)
FNF:10
FNH:0
FNDA:0,(anonymous_0)
FNDA:0,(anonymous_1)
FNDA:0,(anonymous_2)
FNDA:0,(anonymous_3)
FNDA:0,(anonymous_4)
FNDA:0,(anonymous_5)
FNDA:0,(anonymous_6)
FNDA:0,(anonymous_7)
FNDA:0,(anonymous_8)
FNDA:0,(anonymous_9)
DA:8,0
DA:9,0
DA:10,0
DA:13,0
DA:14,0
DA:20,0
DA:21,0
DA:28,0
DA:29,0
DA:30,0
DA:37,0
DA:46,0
DA:49,0
DA:52,0
DA:54,0
DA:60,0
DA:61,0
DA:68,0
DA:69,0
DA:70,0
DA:72,0
DA:74,0
DA:75,0
DA:82,0
DA:84,0
DA:86,0
DA:87,0
DA:90,0
DA:92,0
DA:102,0
DA:104,0
DA:110,0
DA:111,0
DA:118,0
DA:119,0
DA:120,0
DA:122,0
DA:123,0
DA:124,0
DA:130,0
DA:131,0
DA:137,0
DA:138,0
DA:144,0
DA:145,0
DA:147,0
DA:151,0
DA:158,0
DA:162,0
DA:164,0
DA:176,0
DA:177,0
DA:184,0
DA:185,0
DA:186,0
DA:188,0
DA:189,0
DA:191,0
DA:198,0
DA:201,0
DA:204,0
DA:206,0
DA:211,0
DA:212,0
DA:219,0
DA:220,0
DA:221,0
DA:223,0
DA:224,0
DA:244,0
DA:245,0
DA:247,0
DA:252,0
DA:253,0
DA:260,0
DA:261,0
DA:262,0
DA:263,0
DA:268,0
DA:269,0
DA:276,0
DA:277,0
DA:278,0
DA:280,0
DA:292,0
DA:293,0
DA:301,0
DA:302,0
DA:303,0
DA:304,0
DA:309,0
DA:310,0
DA:318,0
DA:319,0
DA:320,0
DA:322,0
DA:323,0
DA:330,0
DA:331,0
DA:332,0
DA:333,0
DA:339,0
DA:340,0
DA:348,0
DA:351,0
DA:354,0
DA:356,0
DA:361,0
DA:362,0
DA:369,0
DA:370,0
DA:371,0
DA:372,0
DA:374,0
DA:376,0
DA:388,0
DA:389,0
LF:117
LH:0
BRDA:13,0,0,0
BRDA:13,0,1,0
BRDA:13,1,0,0
BRDA:13,1,1,0
BRDA:13,1,2,0
BRDA:13,1,3,0
BRDA:20,2,0,0
BRDA:20,2,1,0
BRDA:29,3,0,0
BRDA:29,3,1,0
BRDA:41,4,0,0
BRDA:41,4,1,0
BRDA:74,5,0,0
BRDA:74,5,1,0
BRDA:84,6,0,0
BRDA:84,6,1,0
BRDA:102,7,0,0
BRDA:102,7,1,0
BRDA:123,8,0,0
BRDA:123,8,1,0
BRDA:130,9,0,0
BRDA:130,9,1,0
BRDA:137,10,0,0
BRDA:137,10,1,0
BRDA:145,11,0,0
BRDA:145,11,1,0
BRDA:189,12,0,0
BRDA:189,12,1,0
BRDA:223,13,0,0
BRDA:223,13,1,0
BRDA:322,14,0,0
BRDA:322,14,1,0
BRDA:322,15,0,0
BRDA:322,15,1,0
BRDA:330,16,0,0
BRDA:330,16,1,0
BRDA:332,17,0,0
BRDA:332,17,1,0
BRDA:339,18,0,0
BRDA:339,18,1,0
BRF:40
BRH:0
end_of_record
TN:
SF:src/controllers/user.controller.js
FN:6,(anonymous_0)
FN:38,(anonymous_1)
FN:75,(anonymous_2)
FN:87,(anonymous_3)
FN:116,(anonymous_4)
FN:124,(anonymous_5)
FN:142,(anonymous_6)
FN:146,(anonymous_7)
FN:187,(anonymous_8)
FN:199,(anonymous_9)
FNF:10
FNH:4
FNDA:2,(anonymous_0)
FNDA:18,(anonymous_1)
FNDA:2,(anonymous_2)
FNDA:2,(anonymous_3)
FNDA:0,(anonymous_4)
FNDA:0,(anonymous_5)
FNDA:0,(anonymous_6)
FNDA:0,(anonymous_7)
FNDA:0,(anonymous_8)
FNDA:0,(anonymous_9)
DA:6,2
DA:7,2
DA:20,2
DA:22,2
DA:25,2
DA:38,2
DA:39,18
DA:45,16
DA:49,2
DA:51,2
DA:57,1
DA:65,1
DA:66,1
DA:67,1
DA:75,2
DA:76,2
DA:77,2
DA:79,2
DA:82,2
DA:87,2
DA:88,2
DA:93,2
DA:97,2
DA:99,2
DA:101,1
DA:106,1
DA:107,1
DA:108,1
DA:116,2
DA:117,0
DA:118,0
DA:121,0
DA:124,0
DA:125,0
DA:130,0
DA:134,0
DA:140,0
DA:142,0
DA:143,0
DA:146,0
DA:147,0
DA:148,0
DA:150,0
DA:155,0
DA:156,0
DA:157,0
DA:158,0
DA:160,0
DA:161,0
DA:165,0
DA:166,0
DA:171,0
DA:178,0
DA:179,0
DA:187,2
DA:188,0
DA:189,0
DA:191,0
DA:194,0
DA:199,0
DA:200,0
DA:205,0
DA:209,0
DA:211,0
DA:213,0
DA:219,0
DA:220,0
DA:221,0
LF:68
LH:30
BRDA:9,0,0,1
BRDA:16,1,0,2
BRDA:39,2,0,16
BRDA:39,2,1,2
BRDA:40,3,0,18
BRDA:40,3,1,2
BRDA:40,3,2,2
BRDA:40,3,3,2
BRDA:88,4,0,2
BRDA:88,4,1,0
BRDA:89,5,0,2
BRDA:89,5,1,0
BRDA:89,5,2,0
BRDA:125,6,0,0
BRDA:125,6,1,0
BRDA:126,7,0,0
BRDA:126,7,1,0
BRDA:126,7,2,0
BRDA:147,8,0,0
BRDA:147,8,1,0
BRDA:167,9,0,0
BRDA:167,9,1,0
BRDA:200,10,0,0
BRDA:200,10,1,0
BRDA:201,11,0,0
BRDA:201,11,1,0
BRDA:201,11,2,0
BRF:27
BRH:10
end_of_record
TN:
SF:src/jobs/queue/otpQueue.js
FN:18,(anonymous_0)
FNF:1
FNH:0
FNDA:0,(anonymous_0)
DA:5,0
DA:18,0
DA:19,0
LF:3
LH:0
BRF:0
BRH:0
end_of_record
TN:
SF:src/jobs/worker/otpWorker.js
FN:8,(anonymous_0)
FN:26,(anonymous_1)
FN:30,(anonymous_2)
FNF:3
FNH:0
FNDA:0,(anonymous_0)
FNDA:0,(anonymous_1)
FNDA:0,(anonymous_2)
DA:7,0
DA:9,0
DA:10,0
DA:12,0
DA:14,0
DA:15,0
DA:18,0
DA:26,0
DA:27,0
DA:30,0
DA:31,0
LF:11
LH:0
BRDA:14,0,0,0
BRDA:14,0,1,0
BRF:2
BRH:0
end_of_record
TN:
SF:src/middleware/adminAuthorization.js
FN:4,(anonymous_0)
FNF:1
FNH:0
FNDA:0,(anonymous_0)
DA:4,2
DA:5,0
DA:6,0
DA:8,0
DA:9,0
DA:15,0
DA:16,0
DA:22,0
DA:24,0
DA:25,0
LF:10
LH:1
BRDA:8,0,0,0
BRDA:8,0,1,0
BRDA:15,1,0,0
BRDA:15,1,1,0
BRF:4
BRH:0
end_of_record
TN:
SF:src/middleware/protectRoute.js
FN:5,(anonymous_0)
FNF:1
FNH:0
FNDA:0,(anonymous_0)
DA:5,0
DA:6,0
DA:7,0
DA:9,0
DA:10,0
DA:16,0
DA:18,0
DA:20,0
DA:21,0
DA:27,0
DA:28,0
DA:34,0
DA:35,0
DA:41,0
DA:42,0
DA:44,0
DA:46,0
DA:47,0
DA:53,0
DA:54,0
DA:60,0
LF:21
LH:0
BRDA:9,0,0,0
BRDA:9,0,1,0
BRDA:20,1,0,0
BRDA:20,1,1,0
BRDA:27,2,0,0
BRDA:27,2,1,0
BRDA:34,3,0,0
BRDA:34,3,1,0
BRDA:46,4,0,0
BRDA:46,4,1,0
BRDA:53,5,0,0
BRDA:53,5,1,0
BRF:12
BRH:0
end_of_record
TN:
SF:src/middleware/rate-limiter.js
FNF:0
FNH:0
DA:5,0
LF:1
LH:0
BRF:0
BRH:0
end_of_record
TN:
SF:src/routes/admin.route.js
FNF:0
FNH:0
DA:23,0
DA:26,0
DA:29,0
DA:30,0
DA:33,0
DA:34,0
DA:35,0
DA:36,0
DA:39,0
DA:40,0
DA:41,0
DA:44,0
DA:45,0
DA:46,0
DA:47,0
DA:48,0
LF:16
LH:0
BRF:0
BRH:0
end_of_record
TN:
SF:src/routes/auth.route.js
FNF:0
FNH:0
DA:18,0
DA:21,0
DA:22,0
DA:23,0
DA:24,0
DA:25,0
DA:26,0
DA:27,0
DA:30,0
DA:33,0
LF:10
LH:0
BRF:0
BRH:0
end_of_record
TN:
SF:src/routes/user.route.js
FNF:0
FNH:0
DA:7,2
DA:9,2
DA:11,2
DA:12,2
DA:13,2
DA:14,2
DA:15,2
LF:7
LH:7
BRF:0
BRH:0
end_of_record
TN:
SF:src/seeds/seed.js
FN:7,main
FN:52,(anonymous_1)
FN:56,(anonymous_2)
FNF:3
FNH:0
FNDA:0,main
FNDA:0,(anonymous_1)
FNDA:0,(anonymous_2)
DA:5,0
DA:8,0
DA:10,0
DA:12,0
DA:13,0
DA:14,0
DA:15,0
DA:18,0
DA:19,0
DA:20,0
DA:24,0
DA:27,0
DA:28,0
DA:29,0
DA:33,0
DA:36,0
DA:37,0
DA:38,0
DA:42,0
DA:44,0
DA:46,0
DA:47,0
DA:51,0
DA:53,0
DA:54,0
DA:57,0
LF:26
LH:0
BRF:0
BRH:0
end_of_record
TN:
SF:src/seeds/seedData.js
FNF:0
FNH:0
DA:5,0
DA:189,0
DA:238,0
LF:3
LH:0
BRF:0
BRH:0
end_of_record
TN:
SF:src/services/TopService.js
FN:5,(anonymous_0)
FN:32,(anonymous_1)
FN:55,(anonymous_2)
FN:65,(anonymous_3)
FN:82,(anonymous_4)
FN:92,(anonymous_5)
FN:114,(anonymous_6)
FNF:7
FNH:0
FNDA:0,(anonymous_0)
FNDA:0,(anonymous_1)
FNDA:0,(anonymous_2)
FNDA:0,(anonymous_3)
FNDA:0,(anonymous_4)
FNDA:0,(anonymous_5)
FNDA:0,(anonymous_6)
DA:6,0
DA:7,0
DA:9,0
DA:15,0
DA:21,0
DA:27,0
DA:28,0
DA:33,0
DA:34,0
DA:55,0
DA:60,0
DA:61,0
DA:66,0
DA:67,0
DA:82,0
DA:87,0
DA:88,0
DA:93,0
DA:94,0
DA:114,0
DA:119,0
DA:120,0
LF:22
LH:0
BRDA:5,0,0,0
BRDA:83,1,0,0
BRDA:83,1,1,0
BRDA:115,2,0,0
BRDA:115,2,1,0
BRF:5
BRH:0
end_of_record
TN:
SF:src/services/alertService.js
FN:6,(anonymous_0)
FN:12,(anonymous_1)
FN:31,(anonymous_2)
FN:37,(anonymous_3)
FN:44,(anonymous_4)
FN:50,(anonymous_5)
FN:87,(anonymous_6)
FN:96,(anonymous_7)
FN:104,(anonymous_8)
FN:114,(anonymous_9)
FN:120,(anonymous_10)
FN:142,(anonymous_11)
FNF:12
FNH:0
FNDA:0,(anonymous_0)
FNDA:0,(anonymous_1)
FNDA:0,(anonymous_2)
FNDA:0,(anonymous_3)
FNDA:0,(anonymous_4)
FNDA:0,(anonymous_5)
FNDA:0,(anonymous_6)
FNDA:0,(anonymous_7)
FNDA:0,(anonymous_8)
FNDA:0,(anonymous_9)
FNDA:0,(anonymous_10)
FNDA:0,(anonymous_11)
DA:7,0
DA:13,0
DA:15,0
DA:16,0
DA:17,0
DA:19,0
DA:32,0
DA:38,0
DA:45,0
DA:51,0
DA:60,0
DA:62,0
DA:63,0
DA:78,0
DA:81,0
DA:88,0
DA:89,0
DA:97,0
DA:98,0
DA:105,0
DA:115,0
DA:121,0
DA:123,0
DA:124,0
DA:125,0
DA:127,0
DA:135,0
DA:142,0
LF:28
LH:0
BRDA:12,0,0,0
BRDA:15,1,0,0
BRDA:15,1,1,0
BRDA:16,2,0,0
BRDA:16,2,1,0
BRDA:55,3,0,0
BRDA:55,3,1,0
BRDA:69,4,0,0
BRDA:69,4,1,0
BRDA:87,5,0,0
BRDA:87,6,0,0
BRDA:96,7,0,0
BRDA:120,8,0,0
BRF:13
BRH:0
end_of_record
TN:
SF:src/services/authService.js
FN:7,(anonymous_0)
FN:13,(anonymous_1)
FN:30,(anonymous_2)
FN:43,(anonymous_3)
FN:50,(anonymous_4)
FN:57,(anonymous_5)
FN:66,(anonymous_6)
FN:79,(anonymous_7)
FN:92,(anonymous_8)
FN:99,(anonymous_9)
FN:106,(anonymous_10)
FNF:11
FNH:0
FNDA:0,(anonymous_0)
FNDA:0,(anonymous_1)
FNDA:0,(anonymous_2)
FNDA:0,(anonymous_3)
FNDA:0,(anonymous_4)
FNDA:0,(anonymous_5)
FNDA:0,(anonymous_6)
FNDA:0,(anonymous_7)
FNDA:0,(anonymous_8)
FNDA:0,(anonymous_9)
FNDA:0,(anonymous_10)
DA:8,0
DA:14,0
DA:31,0
DA:33,0
DA:44,0
DA:51,0
DA:58,0
DA:59,0
DA:67,0
DA:69,0
DA:80,0
DA:93,0
DA:100,0
DA:107,0
LF:14
LH:0
BRF:0
BRH:0
end_of_record
TN:
SF:src/services/emailService.js
FN:9,(anonymous_0)
FN:47,(anonymous_1)
FN:94,(anonymous_2)
FNF:3
FNH:0
FNDA:0,(anonymous_0)
FNDA:0,(anonymous_1)
FNDA:0,(anonymous_2)
DA:4,0
DA:6,0
DA:11,0
DA:15,0
DA:27,0
DA:28,0
DA:36,0
DA:37,0
DA:39,0
DA:40,0
DA:41,0
DA:43,0
DA:48,0
DA:50,0
DA:93,0
DA:94,0
DA:95,0
DA:103,0
DA:104,0
DA:105,0
DA:107,0
DA:108,0
LF:22
LH:0
BRDA:11,0,0,0
BRDA:11,0,1,0
BRDA:30,1,0,0
BRDA:30,1,1,0
BRDA:40,2,0,0
BRDA:40,2,1,0
BRDA:74,3,0,0
BRDA:74,3,1,0
BRDA:78,4,0,0
BRDA:78,4,1,0
BRDA:82,5,0,0
BRDA:82,5,1,0
BRDA:96,6,0,0
BRDA:96,6,1,0
BRF:14
BRH:0
end_of_record
TN:
SF:src/services/logService.js
FN:7,(anonymous_0)
FN:13,(anonymous_1)
FN:62,(anonymous_2)
FN:84,(anonymous_3)
FN:99,(anonymous_4)
FN:105,(anonymous_5)
FN:128,(anonymous_6)
FN:131,(anonymous_7)
FN:157,(anonymous_8)
FN:160,(anonymous_9)
FN:229,(anonymous_10)
FN:250,(anonymous_11)
FN:258,(anonymous_12)
FN:264,(anonymous_13)
FN:285,(anonymous_14)
FN:293,(anonymous_15)
FN:299,(anonymous_16)
FNF:17
FNH:0
FNDA:0,(anonymous_0)
FNDA:0,(anonymous_1)
FNDA:0,(anonymous_2)
FNDA:0,(anonymous_3)
FNDA:0,(anonymous_4)
FNDA:0,(anonymous_5)
FNDA:0,(anonymous_6)
FNDA:0,(anonymous_7)
FNDA:0,(anonymous_8)
FNDA:0,(anonymous_9)
FNDA:0,(anonymous_10)
FNDA:0,(anonymous_11)
FNDA:0,(anonymous_12)
FNDA:0,(anonymous_13)
FNDA:0,(anonymous_14)
FNDA:0,(anonymous_15)
FNDA:0,(anonymous_16)
DA:8,0
DA:14,0
DA:15,0
DA:17,0
DA:22,0
DA:42,0
DA:44,0
DA:45,0
DA:48,0
DA:50,0
DA:57,0
DA:58,0
DA:63,0
DA:64,0
DA:66,0
DA:69,0
DA:74,0
DA:79,0
DA:80,0
DA:85,0
DA:99,0
DA:107,0
DA:120,0
DA:128,0
DA:129,0
DA:130,0
DA:131,0
DA:134,0
DA:142,0
DA:149,0
DA:150,0
DA:157,0
DA:161,0
DA:164,0
DA:165,0
DA:179,0
DA:180,0
DA:184,0
DA:185,0
DA:189,0
DA:190,0
DA:194,0
DA:195,0
DA:196,0
DA:197,0
DA:202,0
DA:203,0
DA:204,0
DA:205,0
DA:207,0
DA:208,0
DA:213,0
DA:214,0
DA:215,0
DA:217,0
DA:218,0
DA:220,0
DA:226,0
DA:230,0
DA:232,0
DA:233,0
DA:234,0
DA:236,0
DA:241,0
DA:249,0
DA:250,0
DA:251,0
DA:252,0
DA:253,0
DA:255,0
DA:258,0
DA:265,0
DA:267,0
DA:268,0
DA:269,0
DA:271,0
DA:276,0
DA:284,0
DA:285,0
DA:286,0
DA:287,0
DA:288,0
DA:290,0
DA:293,0
DA:300,0
LF:85
LH:0
BRDA:13,0,0,0
BRDA:13,1,0,0
BRDA:13,2,0,0
BRDA:37,3,0,0
BRDA:37,3,1,0
BRDA:38,4,0,0
BRDA:38,4,1,0
BRDA:39,5,0,0
BRDA:39,5,1,0
BRDA:44,6,0,0
BRDA:44,6,1,0
BRDA:48,7,0,0
BRDA:48,7,1,0
BRDA:54,8,0,0
BRDA:54,8,1,0
BRDA:62,9,0,0
BRDA:100,10,0,0
BRDA:100,10,1,0
BRDA:131,11,0,0
BRDA:131,11,1,0
BRDA:149,12,0,0
BRDA:149,12,1,0
BRDA:164,13,0,0
BRDA:164,13,1,0
BRDA:179,14,0,0
BRDA:179,14,1,0
BRDA:184,15,0,0
BRDA:184,15,1,0
BRDA:189,16,0,0
BRDA:189,16,1,0
BRDA:194,17,0,0
BRDA:194,17,1,0
BRDA:196,18,0,0
BRDA:196,18,1,0
BRDA:202,19,0,0
BRDA:202,19,1,0
BRDA:202,20,0,0
BRDA:202,20,1,0
BRDA:204,21,0,0
BRDA:204,21,1,0
BRDA:207,22,0,0
BRDA:207,22,1,0
BRDA:213,23,0,0
BRDA:213,23,1,0
BRDA:229,24,0,0
BRDA:252,25,0,0
BRDA:252,25,1,0
BRDA:264,26,0,0
BRDA:287,27,0,0
BRDA:287,27,1,0
BRF:50
BRH:0
end_of_record
TN:
SF:src/services/send-test-email.js
FN:6,(anonymous_0)
FNF:1
FNH:0
FNDA:0,(anonymous_0)
DA:3,0
DA:6,0
DA:7,0
DA:8,0
DA:9,0
DA:15,0
DA:17,0
LF:7
LH:0
BRDA:10,0,0,0
BRDA:10,0,1,0
BRF:2
BRH:0
end_of_record
TN:
SF:src/services/userService.js
FN:5,(anonymous_0)
FN:29,(anonymous_1)
FN:46,(anonymous_2)
FN:52,(anonymous_3)
FN:93,(anonymous_4)
FN:98,(anonymous_5)
FN:119,(anonymous_6)
FN:132,(anonymous_7)
FNF:8
FNH:0
FNDA:0,(anonymous_0)
FNDA:0,(anonymous_1)
FNDA:0,(anonymous_2)
FNDA:0,(anonymous_3)
FNDA:0,(anonymous_4)
FNDA:0,(anonymous_5)
FNDA:0,(anonymous_6)
FNDA:0,(anonymous_7)
DA:6,0
DA:7,0
DA:30,0
DA:47,0
DA:53,0
DA:94,0
DA:100,0
DA:105,0
DA:106,0
DA:110,0
DA:113,0
DA:120,0
DA:122,0
DA:123,0
DA:128,0
DA:133,0
DA:136,0
DA:137,0
DA:140,0
LF:19
LH:0
BRDA:12,0,0,0
BRDA:12,0,1,0
BRDA:105,1,0,0
BRDA:105,1,1,0
BRDA:110,2,0,0
BRDA:110,2,1,0
BRDA:119,3,0,0
BRDA:122,4,0,0
BRDA:122,4,1,0
BRDA:132,5,0,0
BRDA:136,6,0,0
BRDA:136,6,1,0
BRF:12
BRH:0
end_of_record
TN:
SF:src/utils/database.js
FNF:0
FNH:0
DA:3,2
LF:1
LH:1
BRF:0
BRH:0
end_of_record
TN:
SF:src/utils/helper.js
FN:4,toAction
FN:22,toTenant
FN:34,to0to10
FN:48,num
FN:54,parseTimestamp
FNF:5
FNH:0
FNDA:0,toAction
FNDA:0,toTenant
FNDA:0,to0to10
FNDA:0,num
FNDA:0,parseTimestamp
DA:5,0
DA:7,0
DA:19,0
DA:23,0
DA:24,0
DA:31,0
DA:35,0
DA:37,0
DA:38,0
DA:41,0
DA:42,0
DA:43,0
DA:45,0
DA:49,0
DA:50,0
DA:51,0
DA:55,0
DA:57,0
DA:59,0
DA:60,0
DA:63,0
DA:65,0
DA:66,0
DA:69,0
DA:74,0
DA:75,0
DA:76,0
DA:77,0
DA:78,0
DA:83,0
DA:85,0
LF:31
LH:0
BRDA:5,0,0,0
BRDA:5,0,1,0
BRDA:23,1,0,0
BRDA:23,1,1,0
BRDA:35,2,0,0
BRDA:35,2,1,0
BRDA:35,3,0,0
BRDA:35,3,1,0
BRDA:38,4,0,0
BRDA:38,4,1,0
BRDA:41,5,0,0
BRDA:41,5,1,0
BRDA:41,6,0,0
BRDA:41,6,1,0
BRDA:42,7,0,0
BRDA:42,7,1,0
BRDA:42,8,0,0
BRDA:42,8,1,0
BRDA:43,9,0,0
BRDA:43,9,1,0
BRDA:43,10,0,0
BRDA:43,10,1,0
BRDA:49,11,0,0
BRDA:49,11,1,0
BRDA:49,12,0,0
BRDA:49,12,1,0
BRDA:51,13,0,0
BRDA:51,13,1,0
BRDA:55,14,0,0
BRDA:55,14,1,0
BRDA:59,15,0,0
BRDA:59,15,1,0
BRDA:60,16,0,0
BRDA:60,16,1,0
BRDA:63,17,0,0
BRDA:63,17,1,0
BRDA:66,18,0,0
BRDA:66,18,1,0
BRDA:76,19,0,0
BRDA:76,19,1,0
BRDA:78,20,0,0
BRDA:78,20,1,0
BRF:42
BRH:0
end_of_record
TN:
SF:src/utils/jwtUtils.js
FN:4,(anonymous_0)
FN:30,(anonymous_1)
FN:37,(anonymous_2)
FNF:3
FNH:0
FNDA:0,(anonymous_0)
FNDA:0,(anonymous_1)
FNDA:0,(anonymous_2)
DA:4,0
DA:5,0
DA:18,0
DA:27,0
DA:30,0
DA:31,0
DA:37,0
DA:38,0
LF:8
LH:0
BRDA:12,0,0,0
BRDA:12,0,1,0
BRDA:13,1,0,0
BRDA:13,1,1,0
BRDA:14,2,0,0
BRDA:14,2,1,0
BRDA:32,3,0,0
BRDA:32,3,1,0
BRDA:33,4,0,0
BRDA:33,4,1,0
BRF:10
BRH:0
end_of_record
TN:
SF:src/utils/normalizeService.js
FN:5,parseSyslogKV
FN:30,normalizeData
FNF:2
FNH:0
FNDA:0,parseSyslogKV
FNDA:0,normalizeData
DA:6,0
DA:8,0
DA:9,0
DA:11,0
DA:12,0
DA:13,0
DA:14,0
DA:15,0
DA:16,0
DA:17,0
DA:18,0
DA:21,0
DA:22,0
DA:23,0
DA:25,0
DA:27,0
DA:31,0
DA:33,0
DA:62,0
DA:64,0
DA:65,0
DA:66,0
DA:67,0
DA:68,0
DA:69,0
DA:70,0
DA:71,0
DA:75,0
DA:77,0
DA:78,0
DA:79,0
DA:80,0
DA:81,0
DA:82,0
DA:85,0
DA:86,0
DA:87,0
DA:88,0
DA:89,0
DA:90,0
DA:91,0
DA:92,0
DA:93,0
DA:96,0
DA:97,0
DA:98,0
DA:99,0
DA:100,0
DA:101,0
DA:102,0
DA:103,0
DA:104,0
DA:105,0
DA:106,0
DA:107,0
DA:109,0
DA:112,0
DA:114,0
DA:115,0
DA:116,0
DA:117,0
DA:118,0
DA:119,0
DA:122,0
DA:123,0
DA:124,0
DA:125,0
DA:126,0
DA:127,0
DA:128,0
DA:129,0
DA:132,0
DA:133,0
DA:134,0
DA:135,0
DA:136,0
DA:137,0
DA:138,0
DA:139,0
DA:140,0
DA:142,0
DA:144,0
DA:148,0
DA:149,0
DA:150,0
DA:151,0
DA:152,0
DA:153,0
DA:154,0
DA:155,0
DA:157,0
DA:158,0
DA:159,0
DA:160,0
DA:162,0
DA:166,0
DA:167,0
DA:168,0
DA:169,0
DA:170,0
DA:171,0
DA:172,0
DA:173,0
DA:174,0
DA:175,0
DA:179,0
DA:180,0
DA:183,0
DA:184,0
DA:185,0
DA:186,0
DA:187,0
DA:188,0
DA:189,0
DA:193,0
DA:194,0
DA:195,0
DA:196,0
DA:197,0
DA:198,0
DA:199,0
DA:200,0
DA:201,0
DA:205,0
LF:124
LH:0
BRDA:9,0,0,0
BRDA:9,0,1,0
BRDA:12,1,0,0
BRDA:12,1,1,0
BRDA:58,2,0,0
BRDA:58,2,1,0
BRDA:62,3,0,0
BRDA:62,3,1,0
BRDA:62,3,2,0
BRDA:62,3,3,0
BRDA:62,3,4,0
BRDA:62,3,5,0
BRDA:62,3,6,0
BRDA:64,4,0,0
BRDA:64,4,1,0
BRDA:67,5,0,0
BRDA:67,5,1,0
BRDA:67,5,2,0
BRDA:69,6,0,0
BRDA:69,6,1,0
BRDA:75,7,0,0
BRDA:75,7,1,0
BRDA:85,8,0,0
BRDA:85,8,1,0
BRDA:85,8,2,0
BRDA:86,9,0,0
BRDA:86,9,1,0
BRDA:87,10,0,0
BRDA:87,10,1,0
BRDA:88,11,0,0
BRDA:88,11,1,0
BRDA:89,12,0,0
BRDA:89,12,1,0
BRDA:90,13,0,0
BRDA:90,13,1,0
BRDA:91,14,0,0
BRDA:91,14,1,0
BRDA:91,14,2,0
BRDA:92,15,0,0
BRDA:92,15,1,0
BRDA:93,16,0,0
BRDA:93,16,1,0
BRDA:93,16,2,0
BRDA:96,17,0,0
BRDA:96,17,1,0
BRDA:96,17,2,0
BRDA:97,18,0,0
BRDA:97,18,1,0
BRDA:98,19,0,0
BRDA:98,19,1,0
BRDA:112,20,0,0
BRDA:112,20,1,0
BRDA:122,21,0,0
BRDA:122,21,1,0
BRDA:122,21,2,0
BRDA:123,22,0,0
BRDA:123,22,1,0
BRDA:124,23,0,0
BRDA:124,23,1,0
BRDA:125,24,0,0
BRDA:125,24,1,0
BRDA:126,25,0,0
BRDA:126,25,1,0
BRDA:127,26,0,0
BRDA:127,26,1,0
BRDA:128,27,0,0
BRDA:128,27,1,0
BRDA:129,28,0,0
BRDA:129,28,1,0
BRDA:132,29,0,0
BRDA:132,29,1,0
BRDA:132,29,2,0
BRDA:133,30,0,0
BRDA:133,30,1,0
BRDA:134,31,0,0
BRDA:134,31,1,0
BRDA:148,32,0,0
BRDA:148,32,1,0
BRDA:151,33,0,0
BRDA:151,33,1,0
BRDA:151,33,2,0
BRDA:153,34,0,0
BRDA:153,34,1,0
BRDA:155,35,0,0
BRDA:155,35,1,0
BRDA:157,36,0,0
BRDA:157,36,1,0
BRDA:166,37,0,0
BRDA:166,37,1,0
BRDA:169,38,0,0
BRDA:169,38,1,0
BRDA:169,38,2,0
BRDA:171,39,0,0
BRDA:171,39,1,0
BRDA:174,40,0,0
BRDA:174,40,1,0
BRDA:179,41,0,0
BRDA:179,41,1,0
BRDA:180,42,0,0
BRDA:180,42,1,0
BRDA:180,43,0,0
BRDA:180,43,1,0
BRDA:184,44,0,0
BRDA:184,44,1,0
BRDA:184,44,2,0
BRDA:187,45,0,0
BRDA:187,45,1,0
BRDA:188,46,0,0
BRDA:188,46,1,0
BRDA:193,47,0,0
BRDA:193,47,1,0
BRDA:194,48,0,0
BRDA:194,48,1,0
BRDA:194,48,2,0
BRDA:197,49,0,0
BRDA:197,49,1,0
BRDA:197,50,0,0
BRDA:197,50,1,0
BRDA:199,51,0,0
BRDA:199,51,1,0
BRDA:200,52,0,0
BRDA:200,52,1,0
BRF:122
BRH:0
end_of_record
TN:
SF:src/utils/otpUtils.js
FN:5,(anonymous_0)
FN:9,(anonymous_1)
FN:15,(anonymous_2)
FN:19,(anonymous_3)
FN:23,(anonymous_4)
FNF:5
FNH:0
FNDA:0,(anonymous_0)
FNDA:0,(anonymous_1)
FNDA:0,(anonymous_2)
FNDA:0,(anonymous_3)
FNDA:0,(anonymous_4)
DA:6,0
DA:10,0
DA:11,0
DA:12,0
DA:16,0
DA:20,0
DA:24,0
LF:7
LH:0
BRDA:5,0,0,0
BRDA:9,1,0,0
BRDA:15,2,0,0
BRDA:19,3,0,0
BRF:4
BRH:0
end_of_record
